WIDTH 32+1+1+1+1+1+1+1+1+1+1+1+1+1+1+1+1+1+1+1+1+1+32+12+4+32+12+4+32+12+1+32+12+1+2+12+2
DEPTH 1024
COUNT 37
------------
TIME 32
RULE__init__ENA 1
RULE__init__RDY 1
RULE__lread__ENA 1
RULE__lread__RDY 1
RULE__lreadData__ENA 1
RULE__lreadData__RDY 1
RULE__lwrite__ENA 1
RULE__lwrite__RDY 1
RULE__writeResponse__ENA 1
RULE__writeResponse__RDY 1
interrupt 1
MAXIGP0_O.AR__ENA 1
MAXIGP0_O.AR__RDY 1
MAXIGP0_O.AW__ENA 1
MAXIGP0_O.AW__RDY 1
MAXIGP0_O.W__ENA 1
MAXIGP0_O.W__RDY 1
MAXIGP0_I.R__ENA 1
MAXIGP0_I.R__RDY 1
MAXIGP0_I.B__ENA 1
MAXIGP0_I.B__RDY 1
MAXIGP0_O.AR$addr 32
MAXIGP0_O.AR$id 12
MAXIGP0_O.AR$len 4
MAXIGP0_O.AW$addr 32
MAXIGP0_O.AW$id 12
MAXIGP0_O.AW$len 4
MAXIGP0_O.W$data 32
MAXIGP0_O.W$id 12
MAXIGP0_O.W$last 1
MAXIGP0_I.R$data 32
MAXIGP0_I.R$id 12
MAXIGP0_I.R$last 1
MAXIGP0_I.R$resp 2
MAXIGP0_I.B$id 12
MAXIGP0_I.B$resp 2
